<?xml version="1.0" encoding="UTF-8"?>
<!-- Generated by org.testng.reporters.JUnitReportReporter -->
<testsuite skipped="0" hostname="familyPC" name="in.puma.com.VerfiyCaseTest" tests="1" failures="0" timestamp="23 Apr 2018 14:45:01 GMT" time="108.331" errors="0">
  <testcase name="testA" time="108.331" classname="in.puma.com.VerfiyCaseTest"/>
</testsuite> <!-- in.puma.com.VerfiyCaseTest -->
